<?xml version="1.0" encoding="UTF-8"?>
<!-- Generated by org.testng.reporters.JUnitXMLReporter -->
<testsuite ignored="0" hostname="Thirosh" failures="1" tests="16" name="Surefire test" time="75.972" errors="0" timestamp="2024-03-13T17:24:29 IST">
  <testcase classname="com.testcases.LoginTest" name="verifyLoginWithValidCredentials" time="0.924"/>
  <testcase classname="com.testcases.LoginTest" name="verifyLoginWithValidCredentials" time="0.809"/>
  <testcase classname="com.testcases.LoginTest" name="verifyLoginWithValidCredentials" time="0.929"/>
  <testcase classname="com.testcases.LoginTest" name="verifyLoginWithValidCredentials" time="0.989"/>
  <testcase classname="com.testcases.LoginTest" name="verifyLoginWithValidCredentials" time="0.924"/>
  <testcase classname="com.testcases.LoginTest" name="verifyloginWithInvalidCredentials" time="0.812"/>
  <testcase classname="com.testcases.LoginTest" name="verifyloginWithInvalidEmailAndValidPassword" time="0.806"/>
  <testcase classname="com.testcases.LoginTest" name="verifyloginWithValidEmailAndInValidPassword" time="0.788"/>
  <testcase classname="com.testcases.LoginTest" name="verifyloginWithoutProvidingCredencials" time="0.748"/>
  <testcase classname="com.testcases.RegisterTest" name="registerAccountWithAllMandatoryFieldsValidCredentials" time="1.502"/>
  <testcase classname="com.testcases.RegisterTest" name="registerAccountWithAllFieldsValidCredentials" time="1.537"/>
  <testcase classname="com.testcases.RegisterTest" name="registerAccountWithExistingValidCredentials" time="1.273"/>
  <testcase classname="com.testcases.RegisterTest" name="registerAccountWithOutProvideAnyDetails" time="0.561"/>
  <testcase classname="com.testcases.SearchTest" name="verifySearchWithInvalidProduct" time="0.483"/>
  <testcase classname="com.testcases.SearchTest" name="verifySearchWithOutAnyProduct" time="0.41"/>
  <testcase classname="com.testcases.SearchTest" name="verifySearchWithValidProduct" time="10.444">
    <failure type="org.openqa.selenium.NoSuchElementException" message="no such element: Unable to locate element: {&amp;quot;method&amp;quot;:&amp;quot;link text&amp;quot;,&amp;quot;selector&amp;quot;:&amp;quot;iPhon&amp;quot;}
  (Session info: chrome=122.0.6261.112)
For documentation on this error, please visit: https://www.selenium.dev/documentation/webdriver/troubleshooting/errors#no-such-element-exception
Build info: version: &amp;apos;4.18.1&amp;apos;, revision: &amp;apos;b1d3319b48&amp;apos;
System info: os.name: &amp;apos;Windows 11&amp;apos;, os.arch: &amp;apos;amd64&amp;apos;, os.version: &amp;apos;10.0&amp;apos;, java.version: &amp;apos;17.0.2&amp;apos;
Driver info: org.openqa.selenium.chrome.ChromeDriver
Command: [1c80def01c49d0b1205d8ef1a0d052e6, findElement {using=link text, value=iPhon}]
Capabilities {acceptInsecureCerts: false, browserName: chrome, browserVersion: 122.0.6261.112, chrome: {chromedriverVersion: 122.0.6261.128 (f18a44fedeb..., userDataDir: C:\Users\gggam\AppData\Loca...}, fedcm:accounts: true, goog:chromeOptions: {debuggerAddress: localhost:8809}, networkConnectionEnabled: false, pageLoadStrategy: normal, platformName: windows, proxy: Proxy(), se:cdp: ws://localhost:8809/devtool..., se:cdpVersion: 122.0.6261.112, setWindowRect: true, strictFileInteractability: false, timeouts: {implicit: 0, pageLoad: 300000, script: 30000}, unhandledPromptBehavior: dismiss and notify, webauthn:extension:credBlob: true, webauthn:extension:largeBlob: true, webauthn:extension:minPinLength: true, webauthn:extension:prf: true, webauthn:virtualAuthenticators: true}
Session ID: 1c80def01c49d0b1205d8ef1a0d052e6">
      <![CDATA[org.openqa.selenium.NoSuchElementException: no such element: Unable to locate element: {"method":"link text","selector":"iPhon"}
  (Session info: chrome=122.0.6261.112)
For documentation on this error, please visit: https://www.selenium.dev/documentation/webdriver/troubleshooting/errors#no-such-element-exception
Build info: version: '4.18.1', revision: 'b1d3319b48'
System info: os.name: 'Windows 11', os.arch: 'amd64', os.version: '10.0', java.version: '17.0.2'
Driver info: org.openqa.selenium.chrome.ChromeDriver
Command: [1c80def01c49d0b1205d8ef1a0d052e6, findElement {using=link text, value=iPhon}]
Capabilities {acceptInsecureCerts: false, browserName: chrome, browserVersion: 122.0.6261.112, chrome: {chromedriverVersion: 122.0.6261.128 (f18a44fedeb..., userDataDir: C:\Users\gggam\AppData\Loca...}, fedcm:accounts: true, goog:chromeOptions: {debuggerAddress: localhost:8809}, networkConnectionEnabled: false, pageLoadStrategy: normal, platformName: windows, proxy: Proxy(), se:cdp: ws://localhost:8809/devtool..., se:cdpVersion: 122.0.6261.112, setWindowRect: true, strictFileInteractability: false, timeouts: {implicit: 0, pageLoad: 300000, script: 30000}, unhandledPromptBehavior: dismiss and notify, webauthn:extension:credBlob: true, webauthn:extension:largeBlob: true, webauthn:extension:minPinLength: true, webauthn:extension:prf: true, webauthn:virtualAuthenticators: true}
Session ID: 1c80def01c49d0b1205d8ef1a0d052e6
at org.openqa.selenium.remote.ErrorCodec.decode(ErrorCodec.java:167)
at org.openqa.selenium.remote.codec.w3c.W3CHttpResponseCodec.decode(W3CHttpResponseCodec.java:138)
at org.openqa.selenium.remote.codec.w3c.W3CHttpResponseCodec.decode(W3CHttpResponseCodec.java:50)
at org.openqa.selenium.remote.HttpCommandExecutor.execute(HttpCommandExecutor.java:190)
at org.openqa.selenium.remote.service.DriverCommandExecutor.invokeExecute(DriverCommandExecutor.java:216)
at org.openqa.selenium.remote.service.DriverCommandExecutor.execute(DriverCommandExecutor.java:174)
at org.openqa.selenium.remote.RemoteWebDriver.execute(RemoteWebDriver.java:519)
at org.openqa.selenium.remote.ElementLocation$ElementFinder$2.findElement(ElementLocation.java:165)
at org.openqa.selenium.remote.ElementLocation.findElement(ElementLocation.java:59)
at org.openqa.selenium.remote.RemoteWebDriver.findElement(RemoteWebDriver.java:356)
at org.openqa.selenium.remote.RemoteWebDriver.findElement(RemoteWebDriver.java:350)
at org.openqa.selenium.support.pagefactory.DefaultElementLocator.findElement(DefaultElementLocator.java:68)
at org.openqa.selenium.support.pagefactory.internal.LocatingElementHandler.invoke(LocatingElementHandler.java:38)
at jdk.proxy2/jdk.proxy2.$Proxy10.isDisplayed(Unknown Source)
at com.pages.SearchPage.successMessageDisplay(SearchPage.java:38)
at com.testcases.SearchTest.verifySearchWithValidProduct(SearchTest.java:30)
at java.base/java.util.ArrayList.forEach(ArrayList.java:1511)
... Removed 37 stack frames]]>
    </failure>
  </testcase> <!-- verifySearchWithValidProduct -->
</testsuite> <!-- Surefire test -->
